<?xml version="1.0" encoding="UTF-8"?>
<!-- Generated by org.testng.reporters.JUnitReportReporter -->
<testsuite hostname="531cfc811754556" failures="0" tests="1" name="ustbatchno3.TestNG.EmployeeTest" time="0.025" errors="0" timestamp="2023-03-13T12:38:44 IST" skipped="0">
  <testcase classname="ustbatchno3.TestNG.EmployeeTest" name="testforemployee" time="0.025"/>
  <system-out/>
</testsuite> <!-- ustbatchno3.TestNG.EmployeeTest -->
