<?xml version="1.0" encoding="UTF-8"?>
<!-- Generated by org.testng.reporters.JUnitReportReporter -->
<testsuite hostname="531cfc811754556" failures="0" tests="1" name="ustbatchno3.TestNG.ConstructionSamudraTest" time="0.024" errors="0" timestamp="2023-03-13T15:50:12 IST" skipped="0">
  <testcase classname="ustbatchno3.TestNG.ConstructionSamudraTest" name="Construction" time="0.024"/>
  <system-out/>
</testsuite> <!-- ustbatchno3.TestNG.ConstructionSamudraTest -->
